<?xml version="1.0" encoding="UTF-8"?>
<!-- Generated by org.testng.reporters.JUnitReportReporter -->
<testsuite skipped="0" hostname="Tecby-PC" name="com.epam.cdp.tests.SumCalcTest" tests="4" failures="0" timestamp="02 июл 2018 12:20:56 GMT" time="0.000" errors="0">
  <testcase name="onePlusTwoTest" time="0.000" classname="com.epam.cdp.tests.SumCalcTest"/>
  <testcase name="onePlusTwoTest" time="0.000" classname="com.epam.cdp.tests.SumCalcTest"/>
  <testcase name="onePlusTwoTest" time="0.000" classname="com.epam.cdp.tests.SumCalcTest"/>
  <testcase name="onePlusTwoTest" time="0.000" classname="com.epam.cdp.tests.SumCalcTest"/>
</testsuite> <!-- com.epam.cdp.tests.SumCalcTest -->
