<?xml version="1.0" encoding="UTF-8"?>
<!-- Generated by org.testng.reporters.JUnitReportReporter -->
<testsuite skipped="0" hostname="Tecby-PC" name="com.epam.cdp.tests.MinCalcTest" tests="1" failures="0" timestamp="02 июл 2018 12:20:56 GMT" time="0.002" errors="0">
  <testcase name="twoMinusOneTest" time="0.002" classname="com.epam.cdp.tests.MinCalcTest"/>
</testsuite> <!-- com.epam.cdp.tests.MinCalcTest -->
